{"contracts\\base\\Bridge.sol":{"l":{"35":36,"36":36,"41":4,"42":4,"50":4,"56":4,"57":4,"65":4,"67":4,"72":4,"73":4,"74":4,"75":4},"path":"G:\\BSC-ETH-Bridge\\Bridge-Contracts\\contracts\\base\\Bridge.sol","s":{"1":36,"2":36,"3":4,"4":4,"5":4,"6":4,"7":4,"8":4,"9":4,"10":4,"11":4,"12":4},"b":{"1":[4,0],"2":[4,0],"3":[4,0]},"f":{"1":36,"2":4,"3":4,"4":4},"fnMap":{"1":{"name":"constructor","line":34,"loc":{"start":{"line":34,"column":4},"end":{"line":37,"column":4}}},"2":{"name":"burn","line":40,"loc":{"start":{"line":40,"column":4},"end":{"line":51,"column":4}}},"3":{"name":"getNonce","line":55,"loc":{"start":{"line":55,"column":4},"end":{"line":58,"column":4}}},"4":{"name":"mint","line":60,"loc":{"start":{"line":60,"column":4},"end":{"line":83,"column":4}}}},"statementMap":{"1":{"start":{"line":35,"column":8},"end":{"line":35,"column":25}},"2":{"start":{"line":36,"column":8},"end":{"line":36,"column":29}},"3":{"start":{"line":41,"column":8},"end":{"line":41,"column":61}},"4":{"start":{"line":42,"column":8},"end":{"line":42,"column":1242}},"5":{"start":{"line":56,"column":8},"end":{"line":56,"column":65}},"6":{"start":{"line":57,"column":8},"end":{"line":57,"column":20}},"7":{"start":{"line":65,"column":8},"end":{"line":65,"column":65}},"8":{"start":{"line":67,"column":8},"end":{"line":67,"column":1859}},"9":{"start":{"line":72,"column":8},"end":{"line":72,"column":57}},"10":{"start":{"line":73,"column":8},"end":{"line":73,"column":43}},"11":{"start":{"line":74,"column":8},"end":{"line":74,"column":58}},"12":{"start":{"line":75,"column":8},"end":{"line":75,"column":2304}}},"branchMap":{"1":{"line":56,"type":"if","locations":[{"start":{"line":56,"column":8},"end":{"line":56,"column":8}},{"start":{"line":56,"column":8},"end":{"line":56,"column":8}}]},"2":{"line":65,"type":"if","locations":[{"start":{"line":65,"column":8},"end":{"line":65,"column":8}},{"start":{"line":65,"column":8},"end":{"line":65,"column":8}}]},"3":{"line":67,"type":"if","locations":[{"start":{"line":67,"column":8},"end":{"line":67,"column":8}},{"start":{"line":67,"column":8},"end":{"line":67,"column":8}}]}}},"contracts\\base\\Token.sol":{"l":{"16":36,"17":36,"23":0,"27":0,"28":0},"path":"G:\\BSC-ETH-Bridge\\Bridge-Contracts\\contracts\\base\\Token.sol","s":{"1":36,"2":36,"3":0,"4":0},"b":{"1":[0,0]},"f":{"1":36,"2":0,"3":0},"fnMap":{"1":{"name":"constructor","line":15,"loc":{"start":{"line":11,"column":4},"end":{"line":18,"column":4}}},"2":{"name":"updateAdmin","line":22,"loc":{"start":{"line":22,"column":4},"end":{"line":24,"column":4}}},"3":{"name":"onlyAdmin","line":26,"loc":{"start":{"line":26,"column":4},"end":{"line":29,"column":4}}}},"statementMap":{"1":{"start":{"line":16,"column":8},"end":{"line":16,"column":25}},"2":{"start":{"line":17,"column":8},"end":{"line":17,"column":39}},"3":{"start":{"line":23,"column":8},"end":{"line":23,"column":23}},"4":{"start":{"line":27,"column":8},"end":{"line":27,"column":72}}},"branchMap":{"1":{"line":27,"type":"if","locations":[{"start":{"line":27,"column":8},"end":{"line":27,"column":8}},{"start":{"line":27,"column":8},"end":{"line":27,"column":8}}]}}},"contracts\\bridge\\BridgeBSC.sol":{"l":{},"path":"G:\\BSC-ETH-Bridge\\Bridge-Contracts\\contracts\\bridge\\BridgeBSC.sol","s":{},"b":{},"f":{"1":18},"fnMap":{"1":{"name":"constructor","line":7,"loc":{"start":{"line":7,"column":4},"end":{"line":7,"column":62}}}},"statementMap":{},"branchMap":{}},"contracts\\bridge\\BridgeETH.sol":{"l":{},"path":"G:\\BSC-ETH-Bridge\\Bridge-Contracts\\contracts\\bridge\\BridgeETH.sol","s":{},"b":{},"f":{"1":18},"fnMap":{"1":{"name":"constructor","line":7,"loc":{"start":{"line":7,"column":4},"end":{"line":7,"column":62}}}},"statementMap":{},"branchMap":{}},"contracts\\Tokens\\TokenBSC.sol":{"l":{},"path":"G:\\BSC-ETH-Bridge\\Bridge-Contracts\\contracts\\Tokens\\TokenBSC.sol","s":{},"b":{},"f":{"1":18},"fnMap":{"1":{"name":"constructor","line":8,"loc":{"start":{"line":8,"column":4},"end":{"line":8,"column":62}}}},"statementMap":{},"branchMap":{}},"contracts\\Tokens\\TokenETH.sol":{"l":{},"path":"G:\\BSC-ETH-Bridge\\Bridge-Contracts\\contracts\\Tokens\\TokenETH.sol","s":{},"b":{},"f":{"1":18},"fnMap":{"1":{"name":"constructor","line":8,"loc":{"start":{"line":8,"column":4},"end":{"line":8,"column":62}}}},"statementMap":{},"branchMap":{}}}